{"/Users/embin/crm-api/src/index.ts": {"path":"/Users/embin/crm-api/src/index.ts","statementMap":{"0":{"start":{"line":1,"column":0},"end":{"line":1,"column":36}},"1":{"start":{"line":3,"column":13},"end":{"line":3,"column":39}},"2":{"start":{"line":4,"column":15},"end":{"line":4,"column":29}},"3":{"start":{"line":6,"column":0},"end":{"line":9,"column":3}},"4":{"start":{"line":7,"column":1},"end":{"line":7,"column":20}},"5":{"start":{"line":7,"column":10},"end":{"line":7,"column":20}},"6":{"start":{"line":8,"column":1},"end":{"line":8,"column":47}},"7":{"start":{"line":11,"column":0},"end":{"line":11,"column":24}}},"fnMap":{"0":{"name":"(anonymous_1)","decl":{"start":{"line":6,"column":32},"end":{"line":6,"column":33}},"loc":{"start":{"line":6,"column":49},"end":{"line":9,"column":1}}}},"branchMap":{"0":{"loc":{"start":{"line":3,"column":13},"end":{"line":3,"column":39}},"type":"binary-expr","locations":[{"start":{"line":3,"column":13},"end":{"line":3,"column":29}},{"start":{"line":3,"column":33},"end":{"line":3,"column":39}}]},"1":{"loc":{"start":{"line":7,"column":1},"end":{"line":7,"column":20}},"type":"if","locations":[{"start":{"line":7,"column":1},"end":{"line":7,"column":20}}]}},"s":{"0":1,"1":1,"2":1,"3":1,"4":1,"5":0,"6":1,"7":1},"f":{"0":1},"b":{"0":[1,1],"1":[0]}}
,"/Users/embin/crm-api/src/server.ts": {"path":"/Users/embin/crm-api/src/server.ts","statementMap":{"0":{"start":{"line":1,"column":0},"end":{"line":1,"column":30}},"1":{"start":{"line":3,"column":0},"end":{"line":3,"column":53}},"2":{"start":{"line":4,"column":0},"end":{"line":4,"column":36}},"3":{"start":{"line":5,"column":0},"end":{"line":5,"column":57}},"4":{"start":{"line":6,"column":0},"end":{"line":6,"column":60}},"5":{"start":{"line":7,"column":0},"end":{"line":7,"column":54}},"6":{"start":{"line":8,"column":0},"end":{"line":8,"column":66}},"7":{"start":{"line":9,"column":0},"end":{"line":9,"column":63}},"8":{"start":{"line":12,"column":0},"end":{"line":12,"column":24}},"9":{"start":{"line":15,"column":16},"end":{"line":15,"column":25}},"10":{"start":{"line":17,"column":1},"end":{"line":17,"column":42}},"11":{"start":{"line":18,"column":1},"end":{"line":18,"column":39}},"12":{"start":{"line":19,"column":1},"end":{"line":39,"column":4}},"13":{"start":{"line":40,"column":1},"end":{"line":40,"column":56}},"14":{"start":{"line":41,"column":1},"end":{"line":41,"column":51}},"15":{"start":{"line":42,"column":1},"end":{"line":42,"column":58}},"16":{"start":{"line":43,"column":1},"end":{"line":43,"column":54}},"17":{"start":{"line":44,"column":1},"end":{"line":44,"column":62}},"18":{"start":{"line":45,"column":1},"end":{"line":45,"column":60}},"19":{"start":{"line":47,"column":1},"end":{"line":50,"column":4}},"20":{"start":{"line":48,"column":2},"end":{"line":48,"column":34}},"21":{"start":{"line":49,"column":2},"end":{"line":49,"column":22}},"22":{"start":{"line":52,"column":1},"end":{"line":52,"column":15}},"23":{"start":{"line":55,"column":0},"end":{"line":55,"column":28}}},"fnMap":{"0":{"name":"createServer","decl":{"start":{"line":14,"column":9},"end":{"line":14,"column":21}},"loc":{"start":{"line":14,"column":21},"end":{"line":53,"column":1}}},"1":{"name":"(anonymous_2)","decl":{"start":{"line":47,"column":24},"end":{"line":47,"column":25}},"loc":{"start":{"line":47,"column":44},"end":{"line":50,"column":2}}}},"branchMap":{},"s":{"0":1,"1":1,"2":1,"3":1,"4":1,"5":1,"6":1,"7":1,"8":1,"9":1,"10":1,"11":1,"12":1,"13":1,"14":1,"15":1,"16":1,"17":1,"18":1,"19":1,"20":1,"21":1,"22":1,"23":1},"f":{"0":1,"1":1},"b":{}}
,"/Users/embin/crm-api/src/modules/agent/agent.controller.ts": {"path":"/Users/embin/crm-api/src/modules/agent/agent.controller.ts","statementMap":{"0":{"start":{"line":1,"column":0},"end":{"line":1,"column":58}},"1":{"start":{"line":4,"column":2},"end":{"line":4,"column":53}},"2":{"start":{"line":7,"column":14},"end":{"line":7,"column":39}},"3":{"start":{"line":8,"column":2},"end":{"line":8,"column":27}},"4":{"start":{"line":11,"column":2},"end":{"line":11,"column":75}},"5":{"start":{"line":15,"column":2},"end":{"line":19,"column":5}},"6":{"start":{"line":23,"column":2},"end":{"line":23,"column":51}},"7":{"start":{"line":2,"column":0},"end":{"line":2,"column":13}}},"fnMap":{"0":{"name":"(anonymous_7)","decl":{"start":{"line":3,"column":7},"end":{"line":3,"column":18}},"loc":{"start":{"line":3,"column":34},"end":{"line":5,"column":null}}},"1":{"name":"(anonymous_9)","decl":{"start":{"line":6,"column":7},"end":{"line":6,"column":18}},"loc":{"start":{"line":6,"column":33},"end":{"line":9,"column":null}}},"2":{"name":"(anonymous_11)","decl":{"start":{"line":10,"column":7},"end":{"line":10,"column":18}},"loc":{"start":{"line":10,"column":48},"end":{"line":13,"column":null}}},"3":{"name":"(anonymous_13)","decl":{"start":{"line":14,"column":7},"end":{"line":14,"column":19}},"loc":{"start":{"line":14,"column":59},"end":{"line":20,"column":null}}},"4":{"name":"(anonymous_15)","decl":{"start":{"line":22,"column":7},"end":{"line":22,"column":14}},"loc":{"start":{"line":22,"column":29},"end":{"line":24,"column":null}}}},"branchMap":{},"s":{"0":1,"1":0,"2":0,"3":0,"4":0,"5":0,"6":0,"7":1},"f":{"0":0,"1":0,"2":0,"3":0,"4":0},"b":{}}
,"/Users/embin/crm-api/src/modules/agent/agent.route.ts": {"path":"/Users/embin/crm-api/src/modules/agent/agent.route.ts","statementMap":{"0":{"start":{"line":1,"column":0},"end":{"line":1,"column":111}},"1":{"start":{"line":3,"column":0},"end":{"line":3,"column":53}},"2":{"start":{"line":4,"column":41},"end":{"line":4,"column":62}},"3":{"start":{"line":6,"column":1},"end":{"line":21,"column":3}},"4":{"start":{"line":9,"column":54},"end":{"line":20,"column":null}},"5":{"start":{"line":10,"column":3},"end":{"line":10,"column":41}},"6":{"start":{"line":11,"column":15},"end":{"line":11,"column":41}},"7":{"start":{"line":12,"column":16},"end":{"line":12,"column":40}},"8":{"start":{"line":14,"column":17},"end":{"line":14,"column":67}},"9":{"start":{"line":15,"column":3},"end":{"line":15,"column":29}},"10":{"start":{"line":17,"column":3},"end":{"line":20,"column":19}},"11":{"start":{"line":23,"column":1},"end":{"line":35,"column":5}},"12":{"start":{"line":26,"column":49},"end":{"line":35,"column":4}},"13":{"start":{"line":27,"column":3},"end":{"line":27,"column":41}},"14":{"start":{"line":28,"column":18},"end":{"line":28,"column":58}},"15":{"start":{"line":29,"column":17},"end":{"line":29,"column":55}},"16":{"start":{"line":30,"column":3},"end":{"line":34,"column":null}},"17":{"start":{"line":31,"column":4},"end":{"line":31,"column":39}},"18":{"start":{"line":33,"column":4},"end":{"line":33,"column":83}},"19":{"start":{"line":37,"column":1},"end":{"line":44,"column":5}},"20":{"start":{"line":40,"column":49},"end":{"line":44,"column":4}},"21":{"start":{"line":41,"column":3},"end":{"line":41,"column":35}},"22":{"start":{"line":42,"column":17},"end":{"line":42,"column":60}},"23":{"start":{"line":43,"column":3},"end":{"line":43,"column":31}},"24":{"start":{"line":46,"column":1},"end":{"line":54,"column":5}},"25":{"start":{"line":49,"column":49},"end":{"line":54,"column":4}},"26":{"start":{"line":50,"column":17},"end":{"line":50,"column":57}},"27":{"start":{"line":51,"column":3},"end":{"line":51,"column":38}},"28":{"start":{"line":52,"column":17},"end":{"line":52,"column":68}},"29":{"start":{"line":53,"column":3},"end":{"line":53,"column":31}},"30":{"start":{"line":56,"column":1},"end":{"line":71,"column":3}},"31":{"start":{"line":59,"column":49},"end":{"line":70,"column":null}},"32":{"start":{"line":60,"column":18},"end":{"line":60,"column":58}},"33":{"start":{"line":61,"column":3},"end":{"line":61,"column":51}},"34":{"start":{"line":62,"column":15},"end":{"line":62,"column":57}},"35":{"start":{"line":63,"column":3},"end":{"line":68,"column":null}},"36":{"start":{"line":64,"column":4},"end":{"line":64,"column":66}},"37":{"start":{"line":67,"column":4},"end":{"line":67,"column":60}},"38":{"start":{"line":73,"column":1},"end":{"line":73,"column":8}},"39":{"start":{"line":5,"column":0},"end":{"line":5,"column":24}}},"fnMap":{"0":{"name":"agentRouteHandler","decl":{"start":{"line":5,"column":24},"end":{"line":5,"column":41}},"loc":{"start":{"line":5,"column":80},"end":{"line":74,"column":1}}},"1":{"name":"(anonymous_8)","decl":{"start":{"line":9,"column":2},"end":{"line":9,"column":9}},"loc":{"start":{"line":9,"column":54},"end":{"line":20,"column":null}}},"2":{"name":"(anonymous_9)","decl":{"start":{"line":9,"column":54},"end":{"line":9,"column":null}},"loc":{"start":{"line":9,"column":54},"end":{"line":20,"column":22}}},"3":{"name":"(anonymous_10)","decl":{"start":{"line":26,"column":2},"end":{"line":26,"column":9}},"loc":{"start":{"line":26,"column":49},"end":{"line":35,"column":4}}},"4":{"name":"(anonymous_11)","decl":{"start":{"line":26,"column":49},"end":{"line":26,"column":null}},"loc":{"start":{"line":26,"column":49},"end":{"line":35,"column":3}}},"5":{"name":"(anonymous_12)","decl":{"start":{"line":40,"column":2},"end":{"line":40,"column":9}},"loc":{"start":{"line":40,"column":49},"end":{"line":44,"column":4}}},"6":{"name":"(anonymous_13)","decl":{"start":{"line":40,"column":49},"end":{"line":40,"column":null}},"loc":{"start":{"line":40,"column":49},"end":{"line":44,"column":3}}},"7":{"name":"(anonymous_14)","decl":{"start":{"line":49,"column":2},"end":{"line":49,"column":9}},"loc":{"start":{"line":49,"column":49},"end":{"line":54,"column":4}}},"8":{"name":"(anonymous_15)","decl":{"start":{"line":49,"column":49},"end":{"line":49,"column":null}},"loc":{"start":{"line":49,"column":49},"end":{"line":54,"column":3}}},"9":{"name":"(anonymous_16)","decl":{"start":{"line":59,"column":2},"end":{"line":59,"column":9}},"loc":{"start":{"line":59,"column":49},"end":{"line":70,"column":null}}},"10":{"name":"(anonymous_17)","decl":{"start":{"line":59,"column":49},"end":{"line":59,"column":null}},"loc":{"start":{"line":59,"column":49},"end":{"line":70,"column":3}}}},"branchMap":{"0":{"loc":{"start":{"line":11,"column":15},"end":{"line":11,"column":41}},"type":"binary-expr","locations":[{"start":{"line":11,"column":16},"end":{"line":11,"column":35}},{"start":{"line":11,"column":38},"end":{"line":11,"column":41}}]},"1":{"loc":{"start":{"line":11,"column":17},"end":{"line":11,"column":33}},"type":"cond-expr","locations":[{"start":{"line":11,"column":26},"end":{"line":11,"column":28}},{"start":{"line":11,"column":26},"end":{"line":11,"column":33}}]},"2":{"loc":{"start":{"line":11,"column":17},"end":{"line":11,"column":28}},"type":"binary-expr","locations":[{"start":{"line":11,"column":17},"end":{"line":11,"column":28}},{"start":{"line":11,"column":26},"end":{"line":11,"column":28}}]},"3":{"loc":{"start":{"line":12,"column":16},"end":{"line":12,"column":40}},"type":"binary-expr","locations":[{"start":{"line":12,"column":17},"end":{"line":12,"column":37}},{"start":{"line":12,"column":39},"end":{"line":12,"column":40}}]},"4":{"loc":{"start":{"line":12,"column":18},"end":{"line":12,"column":35}},"type":"cond-expr","locations":[{"start":{"line":12,"column":27},"end":{"line":12,"column":29}},{"start":{"line":12,"column":27},"end":{"line":12,"column":35}}]},"5":{"loc":{"start":{"line":12,"column":18},"end":{"line":12,"column":29}},"type":"binary-expr","locations":[{"start":{"line":12,"column":18},"end":{"line":12,"column":29}},{"start":{"line":12,"column":27},"end":{"line":12,"column":29}}]},"6":{"loc":{"start":{"line":30,"column":3},"end":{"line":34,"column":null}},"type":"if","locations":[{"start":{"line":30,"column":3},"end":{"line":34,"column":null}},{"start":{"line":32,"column":7},"end":{"line":34,"column":null}}]},"7":{"loc":{"start":{"line":63,"column":3},"end":{"line":68,"column":null}},"type":"if","locations":[{"start":{"line":63,"column":3},"end":{"line":68,"column":null}},{"start":{"line":66,"column":9},"end":{"line":68,"column":null}}]}},"s":{"0":1,"1":1,"2":1,"3":1,"4":0,"5":0,"6":0,"7":0,"8":0,"9":0,"10":0,"11":1,"12":0,"13":0,"14":0,"15":0,"16":0,"17":0,"18":0,"19":1,"20":0,"21":0,"22":0,"23":0,"24":1,"25":0,"26":0,"27":0,"28":0,"29":0,"30":1,"31":0,"32":0,"33":0,"34":0,"35":0,"36":0,"37":0,"38":1,"39":1},"f":{"0":1,"1":0,"2":0,"3":0,"4":0,"5":0,"6":0,"7":0,"8":0,"9":0,"10":0},"b":{"0":[0,0],"1":[0,0],"2":[0,0],"3":[0,0],"4":[0,0],"5":[0,0],"6":[0,0],"7":[0,0]}}
,"/Users/embin/crm-api/src/modules/agent/schema.ts": {"path":"/Users/embin/crm-api/src/modules/agent/schema.ts","statementMap":{"0":{"start":{"line":1,"column":13},"end":{"line":6,"column":2}},"1":{"start":{"line":8,"column":13},"end":{"line":24,"column":2}},"2":{"start":{"line":26,"column":13},"end":{"line":39,"column":2}},"3":{"start":{"line":40,"column":13},"end":{"line":53,"column":2}},"4":{"start":{"line":54,"column":13},"end":{"line":66,"column":2}},"5":{"start":{"line":68,"column":13},"end":{"line":92,"column":2}}},"fnMap":{},"branchMap":{},"s":{"0":1,"1":1,"2":1,"3":1,"4":1,"5":1},"f":{},"b":{}}
,"/Users/embin/crm-api/src/modules/carrier/carrier.controller.ts": {"path":"/Users/embin/crm-api/src/modules/carrier/carrier.controller.ts","statementMap":{"0":{"start":{"line":1,"column":0},"end":{"line":1,"column":65}},"1":{"start":{"line":4,"column":2},"end":{"line":4,"column":56}},"2":{"start":{"line":7,"column":14},"end":{"line":7,"column":42}},"3":{"start":{"line":8,"column":2},"end":{"line":8,"column":27}},"4":{"start":{"line":11,"column":2},"end":{"line":11,"column":78}},"5":{"start":{"line":15,"column":2},"end":{"line":19,"column":5}},"6":{"start":{"line":23,"column":2},"end":{"line":23,"column":54}},"7":{"start":{"line":2,"column":0},"end":{"line":2,"column":13}}},"fnMap":{"0":{"name":"(anonymous_7)","decl":{"start":{"line":3,"column":7},"end":{"line":3,"column":20}},"loc":{"start":{"line":3,"column":36},"end":{"line":5,"column":null}}},"1":{"name":"(anonymous_9)","decl":{"start":{"line":6,"column":7},"end":{"line":6,"column":20}},"loc":{"start":{"line":6,"column":40},"end":{"line":9,"column":null}}},"2":{"name":"(anonymous_11)","decl":{"start":{"line":10,"column":7},"end":{"line":10,"column":20}},"loc":{"start":{"line":10,"column":55},"end":{"line":13,"column":null}}},"3":{"name":"(anonymous_13)","decl":{"start":{"line":14,"column":7},"end":{"line":14,"column":20}},"loc":{"start":{"line":14,"column":60},"end":{"line":20,"column":null}}},"4":{"name":"(anonymous_15)","decl":{"start":{"line":22,"column":7},"end":{"line":22,"column":17}},"loc":{"start":{"line":22,"column":32},"end":{"line":24,"column":null}}}},"branchMap":{},"s":{"0":1,"1":0,"2":0,"3":0,"4":0,"5":0,"6":0,"7":1},"f":{"0":0,"1":0,"2":0,"3":0,"4":0},"b":{}}
,"/Users/embin/crm-api/src/modules/carrier/carrier.route.ts": {"path":"/Users/embin/crm-api/src/modules/carrier/carrier.route.ts","statementMap":{"0":{"start":{"line":1,"column":0},"end":{"line":1,"column":121}},"1":{"start":{"line":3,"column":0},"end":{"line":3,"column":57}},"2":{"start":{"line":4,"column":45},"end":{"line":4,"column":68}},"3":{"start":{"line":6,"column":1},"end":{"line":18,"column":3}},"4":{"start":{"line":9,"column":54},"end":{"line":17,"column":null}},"5":{"start":{"line":10,"column":3},"end":{"line":10,"column":40}},"6":{"start":{"line":11,"column":15},"end":{"line":11,"column":40}},"7":{"start":{"line":12,"column":16},"end":{"line":12,"column":40}},"8":{"start":{"line":13,"column":19},"end":{"line":13,"column":72}},"9":{"start":{"line":14,"column":3},"end":{"line":17,"column":21}},"10":{"start":{"line":20,"column":1},"end":{"line":32,"column":5}},"11":{"start":{"line":23,"column":49},"end":{"line":32,"column":4}},"12":{"start":{"line":24,"column":3},"end":{"line":24,"column":43}},"13":{"start":{"line":25,"column":20},"end":{"line":25,"column":60}},"14":{"start":{"line":26,"column":19},"end":{"line":26,"column":64}},"15":{"start":{"line":27,"column":3},"end":{"line":31,"column":null}},"16":{"start":{"line":28,"column":4},"end":{"line":28,"column":41}},"17":{"start":{"line":30,"column":4},"end":{"line":30,"column":85}},"18":{"start":{"line":34,"column":1},"end":{"line":41,"column":5}},"19":{"start":{"line":37,"column":62},"end":{"line":41,"column":4}},"20":{"start":{"line":38,"column":3},"end":{"line":38,"column":37}},"21":{"start":{"line":39,"column":19},"end":{"line":39,"column":66}},"22":{"start":{"line":40,"column":3},"end":{"line":40,"column":33}},"23":{"start":{"line":43,"column":1},"end":{"line":51,"column":5}},"24":{"start":{"line":46,"column":62},"end":{"line":51,"column":4}},"25":{"start":{"line":47,"column":17},"end":{"line":47,"column":57}},"26":{"start":{"line":48,"column":3},"end":{"line":48,"column":40}},"27":{"start":{"line":49,"column":19},"end":{"line":49,"column":74}},"28":{"start":{"line":50,"column":3},"end":{"line":50,"column":33}},"29":{"start":{"line":53,"column":1},"end":{"line":68,"column":3}},"30":{"start":{"line":56,"column":49},"end":{"line":67,"column":null}},"31":{"start":{"line":57,"column":20},"end":{"line":57,"column":60}},"32":{"start":{"line":58,"column":3},"end":{"line":58,"column":55}},"33":{"start":{"line":59,"column":15},"end":{"line":59,"column":63}},"34":{"start":{"line":60,"column":3},"end":{"line":65,"column":null}},"35":{"start":{"line":61,"column":4},"end":{"line":61,"column":70}},"36":{"start":{"line":64,"column":4},"end":{"line":64,"column":62}},"37":{"start":{"line":70,"column":1},"end":{"line":70,"column":8}},"38":{"start":{"line":5,"column":0},"end":{"line":5,"column":24}}},"fnMap":{"0":{"name":"CarrierRouteHandler","decl":{"start":{"line":5,"column":24},"end":{"line":5,"column":43}},"loc":{"start":{"line":5,"column":82},"end":{"line":71,"column":1}}},"1":{"name":"(anonymous_8)","decl":{"start":{"line":9,"column":2},"end":{"line":9,"column":9}},"loc":{"start":{"line":9,"column":54},"end":{"line":17,"column":null}}},"2":{"name":"(anonymous_9)","decl":{"start":{"line":9,"column":54},"end":{"line":9,"column":null}},"loc":{"start":{"line":9,"column":54},"end":{"line":17,"column":24}}},"3":{"name":"(anonymous_10)","decl":{"start":{"line":23,"column":2},"end":{"line":23,"column":9}},"loc":{"start":{"line":23,"column":49},"end":{"line":32,"column":4}}},"4":{"name":"(anonymous_11)","decl":{"start":{"line":23,"column":49},"end":{"line":23,"column":null}},"loc":{"start":{"line":23,"column":49},"end":{"line":32,"column":3}}},"5":{"name":"(anonymous_12)","decl":{"start":{"line":37,"column":2},"end":{"line":37,"column":9}},"loc":{"start":{"line":37,"column":62},"end":{"line":41,"column":4}}},"6":{"name":"(anonymous_13)","decl":{"start":{"line":37,"column":62},"end":{"line":37,"column":null}},"loc":{"start":{"line":37,"column":62},"end":{"line":41,"column":3}}},"7":{"name":"(anonymous_14)","decl":{"start":{"line":46,"column":2},"end":{"line":46,"column":9}},"loc":{"start":{"line":46,"column":62},"end":{"line":51,"column":4}}},"8":{"name":"(anonymous_15)","decl":{"start":{"line":46,"column":62},"end":{"line":46,"column":null}},"loc":{"start":{"line":46,"column":62},"end":{"line":51,"column":3}}},"9":{"name":"(anonymous_16)","decl":{"start":{"line":56,"column":2},"end":{"line":56,"column":9}},"loc":{"start":{"line":56,"column":49},"end":{"line":67,"column":null}}},"10":{"name":"(anonymous_17)","decl":{"start":{"line":56,"column":49},"end":{"line":56,"column":null}},"loc":{"start":{"line":56,"column":49},"end":{"line":67,"column":3}}}},"branchMap":{"0":{"loc":{"start":{"line":11,"column":15},"end":{"line":11,"column":40}},"type":"binary-expr","locations":[{"start":{"line":11,"column":16},"end":{"line":11,"column":34}},{"start":{"line":11,"column":37},"end":{"line":11,"column":40}}]},"1":{"loc":{"start":{"line":11,"column":17},"end":{"line":11,"column":33}},"type":"cond-expr","locations":[{"start":{"line":11,"column":26},"end":{"line":11,"column":28}},{"start":{"line":11,"column":26},"end":{"line":11,"column":33}}]},"2":{"loc":{"start":{"line":11,"column":17},"end":{"line":11,"column":28}},"type":"binary-expr","locations":[{"start":{"line":11,"column":17},"end":{"line":11,"column":28}},{"start":{"line":11,"column":26},"end":{"line":11,"column":28}}]},"3":{"loc":{"start":{"line":12,"column":16},"end":{"line":12,"column":40}},"type":"binary-expr","locations":[{"start":{"line":12,"column":17},"end":{"line":12,"column":36}},{"start":{"line":12,"column":39},"end":{"line":12,"column":40}}]},"4":{"loc":{"start":{"line":12,"column":18},"end":{"line":12,"column":35}},"type":"cond-expr","locations":[{"start":{"line":12,"column":27},"end":{"line":12,"column":29}},{"start":{"line":12,"column":27},"end":{"line":12,"column":35}}]},"5":{"loc":{"start":{"line":12,"column":18},"end":{"line":12,"column":29}},"type":"binary-expr","locations":[{"start":{"line":12,"column":18},"end":{"line":12,"column":29}},{"start":{"line":12,"column":27},"end":{"line":12,"column":29}}]},"6":{"loc":{"start":{"line":27,"column":3},"end":{"line":31,"column":null}},"type":"if","locations":[{"start":{"line":27,"column":3},"end":{"line":31,"column":null}},{"start":{"line":29,"column":7},"end":{"line":31,"column":null}}]},"7":{"loc":{"start":{"line":60,"column":3},"end":{"line":65,"column":null}},"type":"if","locations":[{"start":{"line":60,"column":3},"end":{"line":65,"column":null}},{"start":{"line":63,"column":9},"end":{"line":65,"column":null}}]}},"s":{"0":1,"1":1,"2":1,"3":1,"4":0,"5":0,"6":0,"7":0,"8":0,"9":0,"10":1,"11":0,"12":0,"13":0,"14":0,"15":0,"16":0,"17":0,"18":1,"19":0,"20":0,"21":0,"22":0,"23":1,"24":0,"25":0,"26":0,"27":0,"28":0,"29":1,"30":0,"31":0,"32":0,"33":0,"34":0,"35":0,"36":0,"37":1,"38":1},"f":{"0":1,"1":0,"2":0,"3":0,"4":0,"5":0,"6":0,"7":0,"8":0,"9":0,"10":0},"b":{"0":[0,0],"1":[0,0],"2":[0,0],"3":[0,0],"4":[0,0],"5":[0,0],"6":[0,0],"7":[0,0]}}
,"/Users/embin/crm-api/src/modules/carrier/schema.ts": {"path":"/Users/embin/crm-api/src/modules/carrier/schema.ts","statementMap":{"0":{"start":{"line":1,"column":13},"end":{"line":5,"column":2}},"1":{"start":{"line":7,"column":13},"end":{"line":24,"column":2}},"2":{"start":{"line":26,"column":13},"end":{"line":39,"column":2}},"3":{"start":{"line":40,"column":13},"end":{"line":53,"column":2}},"4":{"start":{"line":54,"column":13},"end":{"line":66,"column":2}},"5":{"start":{"line":68,"column":13},"end":{"line":92,"column":2}}},"fnMap":{},"branchMap":{},"s":{"0":1,"1":1,"2":1,"3":1,"4":1,"5":1},"f":{},"b":{}}
,"/Users/embin/crm-api/src/modules/data/data.routes.ts": {"path":"/Users/embin/crm-api/src/modules/data/data.routes.ts","statementMap":{"0":{"start":{"line":1,"column":0},"end":{"line":1,"column":49}},"1":{"start":{"line":2,"column":0},"end":{"line":2,"column":56}},"2":{"start":{"line":3,"column":0},"end":{"line":3,"column":47}},"3":{"start":{"line":4,"column":0},"end":{"line":4,"column":58}},"4":{"start":{"line":5,"column":0},"end":{"line":5,"column":51}},"5":{"start":{"line":6,"column":0},"end":{"line":6,"column":43}},"6":{"start":{"line":7,"column":0},"end":{"line":7,"column":21}},"7":{"start":{"line":8,"column":0},"end":{"line":8,"column":32}},"8":{"start":{"line":9,"column":0},"end":{"line":9,"column":28}},"9":{"start":{"line":10,"column":0},"end":{"line":10,"column":36}},"10":{"start":{"line":11,"column":0},"end":{"line":11,"column":57}},"11":{"start":{"line":12,"column":14},"end":{"line":12,"column":32}},"12":{"start":{"line":13,"column":13},"end":{"line":13,"column":35}},"13":{"start":{"line":15,"column":1},"end":{"line":72,"column":4}},"14":{"start":{"line":17,"column":23},"end":{"line":72,"column":3}},"15":{"start":{"line":18,"column":13},"end":{"line":18,"column":15}},"16":{"start":{"line":20,"column":6},"end":{"line":71,"column":8}},"17":{"start":{"line":22,"column":4},"end":{"line":22,"column":19}},"18":{"start":{"line":26,"column":25},"end":{"line":71,"column":7}},"19":{"start":{"line":27,"column":4},"end":{"line":66,"column":null}},"20":{"start":{"line":27,"column":21},"end":{"line":27,"column":22}},"21":{"start":{"line":28,"column":17},"end":{"line":28,"column":28}},"22":{"start":{"line":29,"column":19},"end":{"line":29,"column":111}},"23":{"start":{"line":30,"column":22},"end":{"line":30,"column":141}},"24":{"start":{"line":31,"column":17},"end":{"line":31,"column":139}},"25":{"start":{"line":32,"column":21},"end":{"line":32,"column":144}},"26":{"start":{"line":33,"column":19},"end":{"line":46,"column":33}},"27":{"start":{"line":47,"column":18},"end":{"line":63,"column":30}},"28":{"start":{"line":67,"column":4},"end":{"line":70,"column":55}},"29":{"start":{"line":73,"column":1},"end":{"line":75,"column":4}},"30":{"start":{"line":74,"column":2},"end":{"line":74,"column":29}},"31":{"start":{"line":77,"column":1},"end":{"line":77,"column":8}},"32":{"start":{"line":14,"column":0},"end":{"line":14,"column":24}}},"fnMap":{"0":{"name":"dataHandler","decl":{"start":{"line":14,"column":24},"end":{"line":14,"column":35}},"loc":{"start":{"line":14,"column":57},"end":{"line":78,"column":1}}},"1":{"name":"(anonymous_15)","decl":{"start":{"line":17,"column":4},"end":{"line":17,"column":11}},"loc":{"start":{"line":17,"column":23},"end":{"line":72,"column":3}}},"2":{"name":"(anonymous_16)","decl":{"start":{"line":17,"column":23},"end":{"line":17,"column":null}},"loc":{"start":{"line":17,"column":23},"end":{"line":72,"column":2}}},"3":{"name":"(anonymous_17)","decl":{"start":{"line":21,"column":18},"end":{"line":21,"column":19}},"loc":{"start":{"line":21,"column":32},"end":{"line":25,"column":7}}},"4":{"name":"(anonymous_18)","decl":{"start":{"line":26,"column":14},"end":{"line":26,"column":23}},"loc":{"start":{"line":26,"column":25},"end":{"line":71,"column":7}}},"5":{"name":"(anonymous_19)","decl":{"start":{"line":26,"column":25},"end":{"line":26,"column":null}},"loc":{"start":{"line":26,"column":25},"end":{"line":71,"column":6}}},"6":{"name":"(anonymous_20)","decl":{"start":{"line":73,"column":46},"end":{"line":73,"column":47}},"loc":{"start":{"line":73,"column":59},"end":{"line":75,"column":2}}}},"branchMap":{},"s":{"0":1,"1":1,"2":1,"3":1,"4":1,"5":1,"6":1,"7":1,"8":1,"9":1,"10":1,"11":1,"12":1,"13":1,"14":0,"15":0,"16":0,"17":0,"18":0,"19":0,"20":0,"21":0,"22":0,"23":0,"24":0,"25":0,"26":0,"27":0,"28":0,"29":1,"30":0,"31":1,"32":1},"f":{"0":1,"1":0,"2":0,"3":0,"4":0,"5":0,"6":0},"b":{}}
,"/Users/embin/crm-api/src/modules/data/schema.ts": {"path":"/Users/embin/crm-api/src/modules/data/schema.ts","statementMap":{"0":{"start":{"line":1,"column":13},"end":{"line":14,"column":2}}},"fnMap":{},"branchMap":{},"s":{"0":1},"f":{},"b":{}}
,"/Users/embin/crm-api/src/modules/lob/lob.controller.ts": {"path":"/Users/embin/crm-api/src/modules/lob/lob.controller.ts","statementMap":{"0":{"start":{"line":1,"column":0},"end":{"line":1,"column":52}},"1":{"start":{"line":4,"column":2},"end":{"line":4,"column":51}},"2":{"start":{"line":7,"column":14},"end":{"line":7,"column":37}},"3":{"start":{"line":8,"column":2},"end":{"line":8,"column":27}},"4":{"start":{"line":11,"column":2},"end":{"line":11,"column":73}},"5":{"start":{"line":15,"column":2},"end":{"line":19,"column":5}},"6":{"start":{"line":23,"column":2},"end":{"line":23,"column":49}},"7":{"start":{"line":2,"column":0},"end":{"line":2,"column":13}}},"fnMap":{"0":{"name":"(anonymous_7)","decl":{"start":{"line":3,"column":7},"end":{"line":3,"column":16}},"loc":{"start":{"line":3,"column":32},"end":{"line":5,"column":null}}},"1":{"name":"(anonymous_9)","decl":{"start":{"line":6,"column":7},"end":{"line":6,"column":16}},"loc":{"start":{"line":6,"column":32},"end":{"line":9,"column":null}}},"2":{"name":"(anonymous_11)","decl":{"start":{"line":10,"column":7},"end":{"line":10,"column":16}},"loc":{"start":{"line":10,"column":47},"end":{"line":13,"column":null}}},"3":{"name":"(anonymous_13)","decl":{"start":{"line":14,"column":7},"end":{"line":14,"column":16}},"loc":{"start":{"line":14,"column":56},"end":{"line":20,"column":null}}},"4":{"name":"(anonymous_15)","decl":{"start":{"line":22,"column":7},"end":{"line":22,"column":13}},"loc":{"start":{"line":22,"column":28},"end":{"line":24,"column":null}}}},"branchMap":{},"s":{"0":1,"1":0,"2":0,"3":0,"4":0,"5":0,"6":0,"7":1},"f":{"0":0,"1":0,"2":0,"3":0,"4":0},"b":{}}
,"/Users/embin/crm-api/src/modules/lob/lob.route.ts": {"path":"/Users/embin/crm-api/src/modules/lob/lob.route.ts","statementMap":{"0":{"start":{"line":1,"column":0},"end":{"line":1,"column":103}},"1":{"start":{"line":3,"column":0},"end":{"line":3,"column":51}},"2":{"start":{"line":4,"column":41},"end":{"line":4,"column":62}},"3":{"start":{"line":6,"column":1},"end":{"line":18,"column":3}},"4":{"start":{"line":9,"column":54},"end":{"line":17,"column":null}},"5":{"start":{"line":10,"column":3},"end":{"line":10,"column":37}},"6":{"start":{"line":11,"column":15},"end":{"line":11,"column":40}},"7":{"start":{"line":12,"column":16},"end":{"line":12,"column":40}},"8":{"start":{"line":13,"column":16},"end":{"line":13,"column":63}},"9":{"start":{"line":14,"column":3},"end":{"line":17,"column":18}},"10":{"start":{"line":20,"column":1},"end":{"line":32,"column":5}},"11":{"start":{"line":23,"column":49},"end":{"line":32,"column":4}},"12":{"start":{"line":24,"column":3},"end":{"line":24,"column":41}},"13":{"start":{"line":25,"column":18},"end":{"line":25,"column":58}},"14":{"start":{"line":26,"column":17},"end":{"line":26,"column":54}},"15":{"start":{"line":27,"column":3},"end":{"line":31,"column":null}},"16":{"start":{"line":28,"column":4},"end":{"line":28,"column":39}},"17":{"start":{"line":30,"column":4},"end":{"line":30,"column":83}},"18":{"start":{"line":34,"column":1},"end":{"line":41,"column":5}},"19":{"start":{"line":37,"column":62},"end":{"line":41,"column":4}},"20":{"start":{"line":38,"column":3},"end":{"line":38,"column":35}},"21":{"start":{"line":39,"column":17},"end":{"line":39,"column":58}},"22":{"start":{"line":40,"column":3},"end":{"line":40,"column":31}},"23":{"start":{"line":43,"column":1},"end":{"line":51,"column":5}},"24":{"start":{"line":46,"column":62},"end":{"line":51,"column":4}},"25":{"start":{"line":47,"column":17},"end":{"line":47,"column":57}},"26":{"start":{"line":48,"column":3},"end":{"line":48,"column":38}},"27":{"start":{"line":49,"column":17},"end":{"line":49,"column":66}},"28":{"start":{"line":50,"column":3},"end":{"line":50,"column":31}},"29":{"start":{"line":53,"column":1},"end":{"line":68,"column":3}},"30":{"start":{"line":56,"column":49},"end":{"line":67,"column":null}},"31":{"start":{"line":57,"column":18},"end":{"line":57,"column":58}},"32":{"start":{"line":58,"column":3},"end":{"line":58,"column":51}},"33":{"start":{"line":59,"column":15},"end":{"line":59,"column":55}},"34":{"start":{"line":60,"column":3},"end":{"line":65,"column":null}},"35":{"start":{"line":61,"column":4},"end":{"line":61,"column":66}},"36":{"start":{"line":64,"column":4},"end":{"line":64,"column":60}},"37":{"start":{"line":70,"column":1},"end":{"line":70,"column":8}},"38":{"start":{"line":5,"column":0},"end":{"line":5,"column":24}}},"fnMap":{"0":{"name":"lobRouteHandler","decl":{"start":{"line":5,"column":24},"end":{"line":5,"column":39}},"loc":{"start":{"line":5,"column":78},"end":{"line":71,"column":1}}},"1":{"name":"(anonymous_8)","decl":{"start":{"line":9,"column":2},"end":{"line":9,"column":9}},"loc":{"start":{"line":9,"column":54},"end":{"line":17,"column":null}}},"2":{"name":"(anonymous_9)","decl":{"start":{"line":9,"column":54},"end":{"line":9,"column":null}},"loc":{"start":{"line":9,"column":54},"end":{"line":17,"column":21}}},"3":{"name":"(anonymous_10)","decl":{"start":{"line":23,"column":2},"end":{"line":23,"column":9}},"loc":{"start":{"line":23,"column":49},"end":{"line":32,"column":4}}},"4":{"name":"(anonymous_11)","decl":{"start":{"line":23,"column":49},"end":{"line":23,"column":null}},"loc":{"start":{"line":23,"column":49},"end":{"line":32,"column":3}}},"5":{"name":"(anonymous_12)","decl":{"start":{"line":37,"column":2},"end":{"line":37,"column":9}},"loc":{"start":{"line":37,"column":62},"end":{"line":41,"column":4}}},"6":{"name":"(anonymous_13)","decl":{"start":{"line":37,"column":62},"end":{"line":37,"column":null}},"loc":{"start":{"line":37,"column":62},"end":{"line":41,"column":3}}},"7":{"name":"(anonymous_14)","decl":{"start":{"line":46,"column":2},"end":{"line":46,"column":9}},"loc":{"start":{"line":46,"column":62},"end":{"line":51,"column":4}}},"8":{"name":"(anonymous_15)","decl":{"start":{"line":46,"column":62},"end":{"line":46,"column":null}},"loc":{"start":{"line":46,"column":62},"end":{"line":51,"column":3}}},"9":{"name":"(anonymous_16)","decl":{"start":{"line":56,"column":2},"end":{"line":56,"column":9}},"loc":{"start":{"line":56,"column":49},"end":{"line":67,"column":null}}},"10":{"name":"(anonymous_17)","decl":{"start":{"line":56,"column":49},"end":{"line":56,"column":null}},"loc":{"start":{"line":56,"column":49},"end":{"line":67,"column":3}}}},"branchMap":{"0":{"loc":{"start":{"line":11,"column":15},"end":{"line":11,"column":40}},"type":"binary-expr","locations":[{"start":{"line":11,"column":16},"end":{"line":11,"column":34}},{"start":{"line":11,"column":37},"end":{"line":11,"column":40}}]},"1":{"loc":{"start":{"line":11,"column":17},"end":{"line":11,"column":33}},"type":"cond-expr","locations":[{"start":{"line":11,"column":26},"end":{"line":11,"column":28}},{"start":{"line":11,"column":26},"end":{"line":11,"column":33}}]},"2":{"loc":{"start":{"line":11,"column":17},"end":{"line":11,"column":28}},"type":"binary-expr","locations":[{"start":{"line":11,"column":17},"end":{"line":11,"column":28}},{"start":{"line":11,"column":26},"end":{"line":11,"column":28}}]},"3":{"loc":{"start":{"line":12,"column":16},"end":{"line":12,"column":40}},"type":"binary-expr","locations":[{"start":{"line":12,"column":17},"end":{"line":12,"column":36}},{"start":{"line":12,"column":39},"end":{"line":12,"column":40}}]},"4":{"loc":{"start":{"line":12,"column":18},"end":{"line":12,"column":35}},"type":"cond-expr","locations":[{"start":{"line":12,"column":27},"end":{"line":12,"column":29}},{"start":{"line":12,"column":27},"end":{"line":12,"column":35}}]},"5":{"loc":{"start":{"line":12,"column":18},"end":{"line":12,"column":29}},"type":"binary-expr","locations":[{"start":{"line":12,"column":18},"end":{"line":12,"column":29}},{"start":{"line":12,"column":27},"end":{"line":12,"column":29}}]},"6":{"loc":{"start":{"line":27,"column":3},"end":{"line":31,"column":null}},"type":"if","locations":[{"start":{"line":27,"column":3},"end":{"line":31,"column":null}},{"start":{"line":29,"column":7},"end":{"line":31,"column":null}}]},"7":{"loc":{"start":{"line":60,"column":3},"end":{"line":65,"column":null}},"type":"if","locations":[{"start":{"line":60,"column":3},"end":{"line":65,"column":null}},{"start":{"line":63,"column":9},"end":{"line":65,"column":null}}]}},"s":{"0":1,"1":1,"2":1,"3":1,"4":0,"5":0,"6":0,"7":0,"8":0,"9":0,"10":1,"11":0,"12":0,"13":0,"14":0,"15":0,"16":0,"17":0,"18":1,"19":0,"20":0,"21":0,"22":0,"23":1,"24":0,"25":0,"26":0,"27":0,"28":0,"29":1,"30":0,"31":0,"32":0,"33":0,"34":0,"35":0,"36":0,"37":1,"38":1},"f":{"0":1,"1":0,"2":0,"3":0,"4":0,"5":0,"6":0,"7":0,"8":0,"9":0,"10":0},"b":{"0":[0,0],"1":[0,0],"2":[0,0],"3":[0,0],"4":[0,0],"5":[0,0],"6":[0,0],"7":[0,0]}}
,"/Users/embin/crm-api/src/modules/lob/schema.ts": {"path":"/Users/embin/crm-api/src/modules/lob/schema.ts","statementMap":{"0":{"start":{"line":1,"column":13},"end":{"line":5,"column":2}},"1":{"start":{"line":7,"column":13},"end":{"line":24,"column":2}},"2":{"start":{"line":26,"column":13},"end":{"line":39,"column":2}},"3":{"start":{"line":40,"column":13},"end":{"line":53,"column":2}},"4":{"start":{"line":54,"column":13},"end":{"line":66,"column":2}},"5":{"start":{"line":68,"column":13},"end":{"line":92,"column":2}}},"fnMap":{},"branchMap":{},"s":{"0":1,"1":1,"2":1,"3":1,"4":1,"5":1},"f":{},"b":{}}
,"/Users/embin/crm-api/src/modules/models/agent.model.ts": {"path":"/Users/embin/crm-api/src/modules/models/agent.model.ts","statementMap":{"0":{"start":{"line":1,"column":0},"end":{"line":1,"column":53}},"1":{"start":{"line":2,"column":15},"end":{"line":2,"column":30}},"2":{"start":{"line":15,"column":20},"end":{"line":21,"column":24}},"3":{"start":{"line":22,"column":13},"end":{"line":22,"column":67}}},"fnMap":{},"branchMap":{},"s":{"0":1,"1":1,"2":1,"3":1},"f":{},"b":{}}
,"/Users/embin/crm-api/src/modules/models/carrier.model.ts": {"path":"/Users/embin/crm-api/src/modules/models/carrier.model.ts","statementMap":{"0":{"start":{"line":1,"column":0},"end":{"line":1,"column":53}},"1":{"start":{"line":2,"column":15},"end":{"line":2,"column":30}},"2":{"start":{"line":7,"column":22},"end":{"line":9,"column":23}},"3":{"start":{"line":13,"column":13},"end":{"line":13,"column":82}}},"fnMap":{},"branchMap":{},"s":{"0":1,"1":1,"2":1,"3":1},"f":{},"b":{}}
,"/Users/embin/crm-api/src/modules/models/lob.model.ts": {"path":"/Users/embin/crm-api/src/modules/models/lob.model.ts","statementMap":{"0":{"start":{"line":1,"column":0},"end":{"line":1,"column":53}},"1":{"start":{"line":2,"column":15},"end":{"line":2,"column":30}},"2":{"start":{"line":12,"column":18},"end":{"line":16,"column":24}},"3":{"start":{"line":17,"column":13},"end":{"line":17,"column":59}}},"fnMap":{},"branchMap":{},"s":{"0":1,"1":1,"2":1,"3":1},"f":{},"b":{}}
,"/Users/embin/crm-api/src/modules/models/policy-info.model.ts": {"path":"/Users/embin/crm-api/src/modules/models/policy-info.model.ts","statementMap":{"0":{"start":{"line":1,"column":0},"end":{"line":1,"column":53}},"1":{"start":{"line":2,"column":15},"end":{"line":2,"column":30}},"2":{"start":{"line":21,"column":25},"end":{"line":48,"column":22}},"3":{"start":{"line":49,"column":13},"end":{"line":49,"column":78}}},"fnMap":{},"branchMap":{},"s":{"0":1,"1":1,"2":1,"3":1},"f":{},"b":{}}
,"/Users/embin/crm-api/src/modules/models/producer.model.ts": {"path":"/Users/embin/crm-api/src/modules/models/producer.model.ts","statementMap":{"0":{"start":{"line":1,"column":0},"end":{"line":1,"column":53}},"1":{"start":{"line":2,"column":15},"end":{"line":2,"column":30}},"2":{"start":{"line":14,"column":23},"end":{"line":21,"column":24}},"3":{"start":{"line":22,"column":13},"end":{"line":22,"column":79}}},"fnMap":{},"branchMap":{},"s":{"0":1,"1":1,"2":1,"3":1},"f":{},"b":{}}
,"/Users/embin/crm-api/src/modules/models/user.model.ts": {"path":"/Users/embin/crm-api/src/modules/models/user.model.ts","statementMap":{"0":{"start":{"line":1,"column":0},"end":{"line":1,"column":51}},"1":{"start":{"line":2,"column":19},"end":{"line":30,"column":null}},"2":{"start":{"line":49,"column":13},"end":{"line":49,"column":63}}},"fnMap":{},"branchMap":{},"s":{"0":1,"1":1,"2":1},"f":{},"b":{}}
,"/Users/embin/crm-api/src/modules/policy/policy.controller.ts": {"path":"/Users/embin/crm-api/src/modules/policy/policy.controller.ts","statementMap":{"0":{"start":{"line":1,"column":0},"end":{"line":1,"column":65}},"1":{"start":{"line":4,"column":2},"end":{"line":4,"column":53}},"2":{"start":{"line":7,"column":14},"end":{"line":7,"column":39}},"3":{"start":{"line":8,"column":2},"end":{"line":8,"column":27}},"4":{"start":{"line":11,"column":2},"end":{"line":11,"column":75}},"5":{"start":{"line":15,"column":2},"end":{"line":19,"column":5}},"6":{"start":{"line":23,"column":2},"end":{"line":23,"column":51}},"7":{"start":{"line":2,"column":0},"end":{"line":2,"column":13}}},"fnMap":{"0":{"name":"(anonymous_7)","decl":{"start":{"line":3,"column":7},"end":{"line":3,"column":19}},"loc":{"start":{"line":3,"column":35},"end":{"line":5,"column":null}}},"1":{"name":"(anonymous_9)","decl":{"start":{"line":6,"column":7},"end":{"line":6,"column":19}},"loc":{"start":{"line":6,"column":38},"end":{"line":9,"column":null}}},"2":{"name":"(anonymous_11)","decl":{"start":{"line":10,"column":7},"end":{"line":10,"column":19}},"loc":{"start":{"line":10,"column":53},"end":{"line":13,"column":null}}},"3":{"name":"(anonymous_13)","decl":{"start":{"line":14,"column":7},"end":{"line":14,"column":19}},"loc":{"start":{"line":14,"column":59},"end":{"line":20,"column":null}}},"4":{"name":"(anonymous_15)","decl":{"start":{"line":22,"column":7},"end":{"line":22,"column":16}},"loc":{"start":{"line":22,"column":31},"end":{"line":24,"column":null}}}},"branchMap":{},"s":{"0":1,"1":0,"2":0,"3":0,"4":0,"5":0,"6":0,"7":1},"f":{"0":0,"1":0,"2":0,"3":0,"4":0},"b":{}}
,"/Users/embin/crm-api/src/modules/policy/policy.route.ts": {"path":"/Users/embin/crm-api/src/modules/policy/policy.route.ts","statementMap":{"0":{"start":{"line":1,"column":0},"end":{"line":1,"column":116}},"1":{"start":{"line":3,"column":0},"end":{"line":3,"column":57}},"2":{"start":{"line":4,"column":43},"end":{"line":4,"column":65}},"3":{"start":{"line":6,"column":1},"end":{"line":18,"column":3}},"4":{"start":{"line":9,"column":54},"end":{"line":17,"column":null}},"5":{"start":{"line":10,"column":3},"end":{"line":10,"column":39}},"6":{"start":{"line":11,"column":15},"end":{"line":11,"column":40}},"7":{"start":{"line":12,"column":16},"end":{"line":12,"column":40}},"8":{"start":{"line":13,"column":18},"end":{"line":13,"column":69}},"9":{"start":{"line":14,"column":3},"end":{"line":17,"column":20}},"10":{"start":{"line":20,"column":1},"end":{"line":32,"column":5}},"11":{"start":{"line":23,"column":49},"end":{"line":32,"column":4}},"12":{"start":{"line":24,"column":3},"end":{"line":24,"column":42}},"13":{"start":{"line":25,"column":19},"end":{"line":25,"column":59}},"14":{"start":{"line":26,"column":18},"end":{"line":26,"column":60}},"15":{"start":{"line":27,"column":3},"end":{"line":31,"column":null}},"16":{"start":{"line":28,"column":4},"end":{"line":28,"column":40}},"17":{"start":{"line":30,"column":4},"end":{"line":30,"column":84}},"18":{"start":{"line":34,"column":1},"end":{"line":41,"column":5}},"19":{"start":{"line":37,"column":62},"end":{"line":41,"column":4}},"20":{"start":{"line":38,"column":3},"end":{"line":38,"column":36}},"21":{"start":{"line":39,"column":18},"end":{"line":39,"column":63}},"22":{"start":{"line":40,"column":3},"end":{"line":40,"column":32}},"23":{"start":{"line":43,"column":1},"end":{"line":51,"column":5}},"24":{"start":{"line":46,"column":62},"end":{"line":51,"column":4}},"25":{"start":{"line":47,"column":17},"end":{"line":47,"column":57}},"26":{"start":{"line":48,"column":3},"end":{"line":48,"column":39}},"27":{"start":{"line":49,"column":18},"end":{"line":49,"column":71}},"28":{"start":{"line":50,"column":3},"end":{"line":50,"column":32}},"29":{"start":{"line":53,"column":1},"end":{"line":68,"column":3}},"30":{"start":{"line":56,"column":49},"end":{"line":67,"column":null}},"31":{"start":{"line":57,"column":19},"end":{"line":57,"column":59}},"32":{"start":{"line":58,"column":3},"end":{"line":58,"column":53}},"33":{"start":{"line":59,"column":15},"end":{"line":59,"column":60}},"34":{"start":{"line":60,"column":3},"end":{"line":65,"column":null}},"35":{"start":{"line":61,"column":4},"end":{"line":61,"column":68}},"36":{"start":{"line":64,"column":4},"end":{"line":64,"column":61}},"37":{"start":{"line":70,"column":1},"end":{"line":70,"column":8}},"38":{"start":{"line":5,"column":0},"end":{"line":5,"column":24}}},"fnMap":{"0":{"name":"PolicyRouteHandler","decl":{"start":{"line":5,"column":24},"end":{"line":5,"column":42}},"loc":{"start":{"line":5,"column":81},"end":{"line":71,"column":1}}},"1":{"name":"(anonymous_8)","decl":{"start":{"line":9,"column":2},"end":{"line":9,"column":9}},"loc":{"start":{"line":9,"column":54},"end":{"line":17,"column":null}}},"2":{"name":"(anonymous_9)","decl":{"start":{"line":9,"column":54},"end":{"line":9,"column":null}},"loc":{"start":{"line":9,"column":54},"end":{"line":17,"column":23}}},"3":{"name":"(anonymous_10)","decl":{"start":{"line":23,"column":2},"end":{"line":23,"column":9}},"loc":{"start":{"line":23,"column":49},"end":{"line":32,"column":4}}},"4":{"name":"(anonymous_11)","decl":{"start":{"line":23,"column":49},"end":{"line":23,"column":null}},"loc":{"start":{"line":23,"column":49},"end":{"line":32,"column":3}}},"5":{"name":"(anonymous_12)","decl":{"start":{"line":37,"column":2},"end":{"line":37,"column":9}},"loc":{"start":{"line":37,"column":62},"end":{"line":41,"column":4}}},"6":{"name":"(anonymous_13)","decl":{"start":{"line":37,"column":62},"end":{"line":37,"column":null}},"loc":{"start":{"line":37,"column":62},"end":{"line":41,"column":3}}},"7":{"name":"(anonymous_14)","decl":{"start":{"line":46,"column":2},"end":{"line":46,"column":9}},"loc":{"start":{"line":46,"column":62},"end":{"line":51,"column":4}}},"8":{"name":"(anonymous_15)","decl":{"start":{"line":46,"column":62},"end":{"line":46,"column":null}},"loc":{"start":{"line":46,"column":62},"end":{"line":51,"column":3}}},"9":{"name":"(anonymous_16)","decl":{"start":{"line":56,"column":2},"end":{"line":56,"column":9}},"loc":{"start":{"line":56,"column":49},"end":{"line":67,"column":null}}},"10":{"name":"(anonymous_17)","decl":{"start":{"line":56,"column":49},"end":{"line":56,"column":null}},"loc":{"start":{"line":56,"column":49},"end":{"line":67,"column":3}}}},"branchMap":{"0":{"loc":{"start":{"line":11,"column":15},"end":{"line":11,"column":40}},"type":"binary-expr","locations":[{"start":{"line":11,"column":16},"end":{"line":11,"column":34}},{"start":{"line":11,"column":37},"end":{"line":11,"column":40}}]},"1":{"loc":{"start":{"line":11,"column":17},"end":{"line":11,"column":33}},"type":"cond-expr","locations":[{"start":{"line":11,"column":26},"end":{"line":11,"column":28}},{"start":{"line":11,"column":26},"end":{"line":11,"column":33}}]},"2":{"loc":{"start":{"line":11,"column":17},"end":{"line":11,"column":28}},"type":"binary-expr","locations":[{"start":{"line":11,"column":17},"end":{"line":11,"column":28}},{"start":{"line":11,"column":26},"end":{"line":11,"column":28}}]},"3":{"loc":{"start":{"line":12,"column":16},"end":{"line":12,"column":40}},"type":"binary-expr","locations":[{"start":{"line":12,"column":17},"end":{"line":12,"column":36}},{"start":{"line":12,"column":39},"end":{"line":12,"column":40}}]},"4":{"loc":{"start":{"line":12,"column":18},"end":{"line":12,"column":35}},"type":"cond-expr","locations":[{"start":{"line":12,"column":27},"end":{"line":12,"column":29}},{"start":{"line":12,"column":27},"end":{"line":12,"column":35}}]},"5":{"loc":{"start":{"line":12,"column":18},"end":{"line":12,"column":29}},"type":"binary-expr","locations":[{"start":{"line":12,"column":18},"end":{"line":12,"column":29}},{"start":{"line":12,"column":27},"end":{"line":12,"column":29}}]},"6":{"loc":{"start":{"line":27,"column":3},"end":{"line":31,"column":null}},"type":"if","locations":[{"start":{"line":27,"column":3},"end":{"line":31,"column":null}},{"start":{"line":29,"column":7},"end":{"line":31,"column":null}}]},"7":{"loc":{"start":{"line":60,"column":3},"end":{"line":65,"column":null}},"type":"if","locations":[{"start":{"line":60,"column":3},"end":{"line":65,"column":null}},{"start":{"line":63,"column":9},"end":{"line":65,"column":null}}]}},"s":{"0":1,"1":1,"2":1,"3":1,"4":0,"5":0,"6":0,"7":0,"8":0,"9":0,"10":1,"11":0,"12":0,"13":0,"14":0,"15":0,"16":0,"17":0,"18":1,"19":0,"20":0,"21":0,"22":0,"23":1,"24":0,"25":0,"26":0,"27":0,"28":0,"29":1,"30":0,"31":0,"32":0,"33":0,"34":0,"35":0,"36":0,"37":1,"38":1},"f":{"0":1,"1":0,"2":0,"3":0,"4":0,"5":0,"6":0,"7":0,"8":0,"9":0,"10":0},"b":{"0":[0,0],"1":[0,0],"2":[0,0],"3":[0,0],"4":[0,0],"5":[0,0],"6":[0,0],"7":[0,0]}}
,"/Users/embin/crm-api/src/modules/policy/schema.ts": {"path":"/Users/embin/crm-api/src/modules/policy/schema.ts","statementMap":{"0":{"start":{"line":1,"column":13},"end":{"line":32,"column":2}},"1":{"start":{"line":34,"column":13},"end":{"line":51,"column":2}},"2":{"start":{"line":53,"column":13},"end":{"line":66,"column":2}},"3":{"start":{"line":67,"column":13},"end":{"line":80,"column":2}},"4":{"start":{"line":81,"column":13},"end":{"line":102,"column":2}},"5":{"start":{"line":104,"column":13},"end":{"line":125,"column":2}}},"fnMap":{},"branchMap":{},"s":{"0":1,"1":1,"2":1,"3":1,"4":1,"5":1},"f":{},"b":{}}
,"/Users/embin/crm-api/src/modules/user/schema.ts": {"path":"/Users/embin/crm-api/src/modules/user/schema.ts","statementMap":{"0":{"start":{"line":1,"column":13},"end":{"line":41,"column":2}},"1":{"start":{"line":43,"column":13},"end":{"line":59,"column":2}},"2":{"start":{"line":61,"column":13},"end":{"line":74,"column":2}},"3":{"start":{"line":75,"column":13},"end":{"line":88,"column":2}},"4":{"start":{"line":89,"column":13},"end":{"line":116,"column":2}},"5":{"start":{"line":118,"column":13},"end":{"line":142,"column":2}}},"fnMap":{},"branchMap":{},"s":{"0":1,"1":1,"2":1,"3":1,"4":1,"5":1},"f":{},"b":{}}
,"/Users/embin/crm-api/src/modules/user/user.controller.ts": {"path":"/Users/embin/crm-api/src/modules/user/user.controller.ts","statementMap":{"0":{"start":{"line":1,"column":0},"end":{"line":1,"column":63}},"1":{"start":{"line":4,"column":2},"end":{"line":4,"column":51}},"2":{"start":{"line":7,"column":14},"end":{"line":7,"column":37}},"3":{"start":{"line":8,"column":2},"end":{"line":8,"column":27}},"4":{"start":{"line":11,"column":2},"end":{"line":11,"column":72}},"5":{"start":{"line":15,"column":2},"end":{"line":28,"column":5}},"6":{"start":{"line":32,"column":2},"end":{"line":32,"column":49}},"7":{"start":{"line":2,"column":0},"end":{"line":2,"column":13}}},"fnMap":{"0":{"name":"(anonymous_7)","decl":{"start":{"line":3,"column":7},"end":{"line":3,"column":17}},"loc":{"start":{"line":3,"column":32},"end":{"line":5,"column":null}}},"1":{"name":"(anonymous_9)","decl":{"start":{"line":6,"column":7},"end":{"line":6,"column":17}},"loc":{"start":{"line":6,"column":31},"end":{"line":9,"column":null}}},"2":{"name":"(anonymous_11)","decl":{"start":{"line":10,"column":7},"end":{"line":10,"column":17}},"loc":{"start":{"line":10,"column":45},"end":{"line":13,"column":null}}},"3":{"name":"(anonymous_13)","decl":{"start":{"line":14,"column":7},"end":{"line":14,"column":18}},"loc":{"start":{"line":14,"column":58},"end":{"line":29,"column":null}}},"4":{"name":"(anonymous_15)","decl":{"start":{"line":31,"column":7},"end":{"line":31,"column":14}},"loc":{"start":{"line":31,"column":28},"end":{"line":33,"column":null}}}},"branchMap":{},"s":{"0":1,"1":1,"2":0,"3":0,"4":1,"5":2,"6":1,"7":1},"f":{"0":1,"1":0,"2":1,"3":2,"4":1},"b":{}}
,"/Users/embin/crm-api/src/modules/user/user.route.ts": {"path":"/Users/embin/crm-api/src/modules/user/user.route.ts","statementMap":{"0":{"start":{"line":1,"column":0},"end":{"line":1,"column":109}},"1":{"start":{"line":3,"column":0},"end":{"line":3,"column":51}},"2":{"start":{"line":4,"column":39},"end":{"line":4,"column":59}},"3":{"start":{"line":6,"column":1},"end":{"line":21,"column":3}},"4":{"start":{"line":9,"column":54},"end":{"line":20,"column":null}},"5":{"start":{"line":10,"column":3},"end":{"line":10,"column":41}},"6":{"start":{"line":11,"column":15},"end":{"line":11,"column":41}},"7":{"start":{"line":12,"column":16},"end":{"line":12,"column":40}},"8":{"start":{"line":14,"column":17},"end":{"line":14,"column":65}},"9":{"start":{"line":15,"column":3},"end":{"line":15,"column":29}},"10":{"start":{"line":17,"column":3},"end":{"line":20,"column":19}},"11":{"start":{"line":23,"column":1},"end":{"line":33,"column":5}},"12":{"start":{"line":25,"column":49},"end":{"line":33,"column":4}},"13":{"start":{"line":26,"column":3},"end":{"line":26,"column":44}},"14":{"start":{"line":27,"column":17},"end":{"line":27,"column":57}},"15":{"start":{"line":28,"column":16},"end":{"line":28,"column":52}},"16":{"start":{"line":29,"column":3},"end":{"line":32,"column":null}},"17":{"start":{"line":30,"column":4},"end":{"line":30,"column":38}},"18":{"start":{"line":31,"column":4},"end":{"line":31,"column":82}},"19":{"start":{"line":35,"column":1},"end":{"line":41,"column":5}},"20":{"start":{"line":37,"column":49},"end":{"line":41,"column":4}},"21":{"start":{"line":38,"column":3},"end":{"line":38,"column":34}},"22":{"start":{"line":39,"column":16},"end":{"line":39,"column":57}},"23":{"start":{"line":40,"column":3},"end":{"line":40,"column":30}},"24":{"start":{"line":43,"column":1},"end":{"line":50,"column":5}},"25":{"start":{"line":45,"column":49},"end":{"line":50,"column":4}},"26":{"start":{"line":46,"column":17},"end":{"line":46,"column":57}},"27":{"start":{"line":47,"column":3},"end":{"line":47,"column":37}},"28":{"start":{"line":48,"column":16},"end":{"line":48,"column":65}},"29":{"start":{"line":49,"column":3},"end":{"line":49,"column":30}},"30":{"start":{"line":52,"column":1},"end":{"line":67,"column":3}},"31":{"start":{"line":55,"column":49},"end":{"line":66,"column":null}},"32":{"start":{"line":56,"column":17},"end":{"line":56,"column":57}},"33":{"start":{"line":57,"column":3},"end":{"line":57,"column":49}},"34":{"start":{"line":58,"column":15},"end":{"line":58,"column":54}},"35":{"start":{"line":59,"column":3},"end":{"line":64,"column":null}},"36":{"start":{"line":60,"column":4},"end":{"line":60,"column":64}},"37":{"start":{"line":63,"column":4},"end":{"line":63,"column":59}},"38":{"start":{"line":69,"column":1},"end":{"line":69,"column":8}},"39":{"start":{"line":5,"column":0},"end":{"line":5,"column":24}}},"fnMap":{"0":{"name":"userRouteHandler","decl":{"start":{"line":5,"column":24},"end":{"line":5,"column":40}},"loc":{"start":{"line":5,"column":79},"end":{"line":70,"column":1}}},"1":{"name":"(anonymous_8)","decl":{"start":{"line":9,"column":2},"end":{"line":9,"column":9}},"loc":{"start":{"line":9,"column":54},"end":{"line":20,"column":null}}},"2":{"name":"(anonymous_9)","decl":{"start":{"line":9,"column":54},"end":{"line":9,"column":null}},"loc":{"start":{"line":9,"column":54},"end":{"line":20,"column":22}}},"3":{"name":"(anonymous_10)","decl":{"start":{"line":25,"column":2},"end":{"line":25,"column":9}},"loc":{"start":{"line":25,"column":49},"end":{"line":33,"column":4}}},"4":{"name":"(anonymous_11)","decl":{"start":{"line":25,"column":49},"end":{"line":25,"column":null}},"loc":{"start":{"line":25,"column":49},"end":{"line":33,"column":3}}},"5":{"name":"(anonymous_12)","decl":{"start":{"line":37,"column":2},"end":{"line":37,"column":9}},"loc":{"start":{"line":37,"column":49},"end":{"line":41,"column":4}}},"6":{"name":"(anonymous_13)","decl":{"start":{"line":37,"column":49},"end":{"line":37,"column":null}},"loc":{"start":{"line":37,"column":49},"end":{"line":41,"column":3}}},"7":{"name":"(anonymous_14)","decl":{"start":{"line":45,"column":2},"end":{"line":45,"column":9}},"loc":{"start":{"line":45,"column":49},"end":{"line":50,"column":4}}},"8":{"name":"(anonymous_15)","decl":{"start":{"line":45,"column":49},"end":{"line":45,"column":null}},"loc":{"start":{"line":45,"column":49},"end":{"line":50,"column":3}}},"9":{"name":"(anonymous_16)","decl":{"start":{"line":55,"column":2},"end":{"line":55,"column":9}},"loc":{"start":{"line":55,"column":49},"end":{"line":66,"column":null}}},"10":{"name":"(anonymous_17)","decl":{"start":{"line":55,"column":49},"end":{"line":55,"column":null}},"loc":{"start":{"line":55,"column":49},"end":{"line":66,"column":3}}}},"branchMap":{"0":{"loc":{"start":{"line":11,"column":15},"end":{"line":11,"column":41}},"type":"binary-expr","locations":[{"start":{"line":11,"column":16},"end":{"line":11,"column":34}},{"start":{"line":11,"column":38},"end":{"line":11,"column":41}}]},"1":{"loc":{"start":{"line":11,"column":17},"end":{"line":11,"column":33}},"type":"cond-expr","locations":[{"start":{"line":11,"column":26},"end":{"line":11,"column":28}},{"start":{"line":11,"column":26},"end":{"line":11,"column":33}}]},"2":{"loc":{"start":{"line":11,"column":17},"end":{"line":11,"column":28}},"type":"binary-expr","locations":[{"start":{"line":11,"column":17},"end":{"line":11,"column":28}},{"start":{"line":11,"column":26},"end":{"line":11,"column":28}}]},"3":{"loc":{"start":{"line":12,"column":16},"end":{"line":12,"column":40}},"type":"binary-expr","locations":[{"start":{"line":12,"column":17},"end":{"line":12,"column":36}},{"start":{"line":12,"column":39},"end":{"line":12,"column":40}}]},"4":{"loc":{"start":{"line":12,"column":18},"end":{"line":12,"column":35}},"type":"cond-expr","locations":[{"start":{"line":12,"column":27},"end":{"line":12,"column":29}},{"start":{"line":12,"column":27},"end":{"line":12,"column":35}}]},"5":{"loc":{"start":{"line":12,"column":18},"end":{"line":12,"column":29}},"type":"binary-expr","locations":[{"start":{"line":12,"column":18},"end":{"line":12,"column":29}},{"start":{"line":12,"column":27},"end":{"line":12,"column":29}}]},"6":{"loc":{"start":{"line":29,"column":3},"end":{"line":32,"column":null}},"type":"if","locations":[{"start":{"line":29,"column":3},"end":{"line":32,"column":null}},{"start":{"line":30,"column":43},"end":{"line":32,"column":null}}]},"7":{"loc":{"start":{"line":59,"column":3},"end":{"line":64,"column":null}},"type":"if","locations":[{"start":{"line":59,"column":3},"end":{"line":64,"column":null}},{"start":{"line":62,"column":9},"end":{"line":64,"column":null}}]}},"s":{"0":1,"1":1,"2":1,"3":1,"4":2,"5":2,"6":2,"7":2,"8":2,"9":2,"10":2,"11":1,"12":1,"13":1,"14":1,"15":1,"16":1,"17":0,"18":1,"19":1,"20":0,"21":0,"22":0,"23":0,"24":1,"25":1,"26":1,"27":1,"28":1,"29":1,"30":1,"31":1,"32":1,"33":1,"34":1,"35":1,"36":0,"37":1,"38":1,"39":1},"f":{"0":1,"1":2,"2":2,"3":1,"4":1,"5":0,"6":0,"7":1,"8":1,"9":1,"10":1},"b":{"0":[2,2],"1":[0,2],"2":[2,2],"3":[2,2],"4":[0,2],"5":[2,2],"6":[0,1],"7":[0,1]}}
,"/Users/embin/crm-api/src/plugins/db.ts": {"path":"/Users/embin/crm-api/src/plugins/db.ts","statementMap":{"0":{"start":{"line":1,"column":0},"end":{"line":1,"column":32}},"1":{"start":{"line":8,"column":23},"end":{"line":8,"column":225}},"2":{"start":{"line":9,"column":0},"end":{"line":14,"column":3}},"3":{"start":{"line":10,"column":1},"end":{"line":13,"column":79}},"4":{"start":{"line":11,"column":2},"end":{"line":11,"column":48}},"5":{"start":{"line":13,"column":2},"end":{"line":13,"column":79}},"6":{"start":{"line":16,"column":0},"end":{"line":16,"column":26}}},"fnMap":{"0":{"name":"(anonymous_1)","decl":{"start":{"line":9,"column":87},"end":{"line":9,"column":88}},"loc":{"start":{"line":9,"column":95},"end":{"line":14,"column":1}}}},"branchMap":{"0":{"loc":{"start":{"line":8,"column":23},"end":{"line":8,"column":225}},"type":"binary-expr","locations":[{"start":{"line":8,"column":23},"end":{"line":8,"column":44}},{"start":{"line":8,"column":48},"end":{"line":8,"column":225}}]},"1":{"loc":{"start":{"line":10,"column":1},"end":{"line":13,"column":79}},"type":"if","locations":[{"start":{"line":10,"column":1},"end":{"line":13,"column":79}},{"start":{"line":13,"column":2},"end":{"line":13,"column":79}}]}},"s":{"0":1,"1":1,"2":1,"3":1,"4":1,"5":0,"6":1},"f":{"0":1},"b":{"0":[1,1],"1":[1,0]}}
}
