TN:
SF:src/index.ts
FN:6,(anonymous_1)
FNF:1
FNH:1
FNDA:1,(anonymous_1)
DA:1,1
DA:3,1
DA:4,1
DA:6,1
DA:7,1
DA:8,1
DA:11,1
LF:7
LH:7
BRDA:3,0,0,1
BRDA:3,0,1,1
BRDA:7,1,0,0
BRF:3
BRH:2
end_of_record
TN:
SF:src/server.ts
FN:14,createServer
FN:47,(anonymous_2)
FNF:2
FNH:2
FNDA:1,createServer
FNDA:1,(anonymous_2)
DA:1,1
DA:3,1
DA:4,1
DA:5,1
DA:6,1
DA:7,1
DA:8,1
DA:9,1
DA:12,1
DA:15,1
DA:17,1
DA:18,1
DA:19,1
DA:40,1
DA:41,1
DA:42,1
DA:43,1
DA:44,1
DA:45,1
DA:47,1
DA:48,1
DA:49,1
DA:52,1
DA:55,1
LF:24
LH:24
BRF:0
BRH:0
end_of_record
TN:
SF:src/modules/agent/agent.controller.ts
FN:3,(anonymous_7)
FN:6,(anonymous_9)
FN:10,(anonymous_11)
FN:14,(anonymous_13)
FN:22,(anonymous_15)
FNF:5
FNH:0
FNDA:0,(anonymous_7)
FNDA:0,(anonymous_9)
FNDA:0,(anonymous_11)
FNDA:0,(anonymous_13)
FNDA:0,(anonymous_15)
DA:1,1
DA:2,1
DA:4,0
DA:7,0
DA:8,0
DA:11,0
DA:15,0
DA:23,0
LF:8
LH:2
BRF:0
BRH:0
end_of_record
TN:
SF:src/modules/agent/agent.route.ts
FN:5,agentRouteHandler
FN:9,(anonymous_8)
FN:9,(anonymous_9)
FN:26,(anonymous_10)
FN:26,(anonymous_11)
FN:40,(anonymous_12)
FN:40,(anonymous_13)
FN:49,(anonymous_14)
FN:49,(anonymous_15)
FN:59,(anonymous_16)
FN:59,(anonymous_17)
FNF:11
FNH:1
FNDA:1,agentRouteHandler
FNDA:0,(anonymous_8)
FNDA:0,(anonymous_9)
FNDA:0,(anonymous_10)
FNDA:0,(anonymous_11)
FNDA:0,(anonymous_12)
FNDA:0,(anonymous_13)
FNDA:0,(anonymous_14)
FNDA:0,(anonymous_15)
FNDA:0,(anonymous_16)
FNDA:0,(anonymous_17)
DA:1,1
DA:3,1
DA:4,1
DA:5,1
DA:6,1
DA:9,0
DA:10,0
DA:11,0
DA:12,0
DA:14,0
DA:15,0
DA:17,0
DA:23,1
DA:26,0
DA:27,0
DA:28,0
DA:29,0
DA:30,0
DA:31,0
DA:33,0
DA:37,1
DA:40,0
DA:41,0
DA:42,0
DA:43,0
DA:46,1
DA:49,0
DA:50,0
DA:51,0
DA:52,0
DA:53,0
DA:56,1
DA:59,0
DA:60,0
DA:61,0
DA:62,0
DA:63,0
DA:64,0
DA:67,0
DA:73,1
LF:40
LH:10
BRDA:11,0,0,0
BRDA:11,0,1,0
BRDA:11,1,0,0
BRDA:11,1,1,0
BRDA:11,2,0,0
BRDA:11,2,1,0
BRDA:12,3,0,0
BRDA:12,3,1,0
BRDA:12,4,0,0
BRDA:12,4,1,0
BRDA:12,5,0,0
BRDA:12,5,1,0
BRDA:30,6,0,0
BRDA:30,6,1,0
BRDA:63,7,0,0
BRDA:63,7,1,0
BRF:16
BRH:0
end_of_record
TN:
SF:src/modules/agent/schema.ts
FNF:0
FNH:0
DA:1,1
DA:8,1
DA:26,1
DA:40,1
DA:54,1
DA:68,1
LF:6
LH:6
BRF:0
BRH:0
end_of_record
TN:
SF:src/modules/carrier/carrier.controller.ts
FN:3,(anonymous_7)
FN:6,(anonymous_9)
FN:10,(anonymous_11)
FN:14,(anonymous_13)
FN:22,(anonymous_15)
FNF:5
FNH:0
FNDA:0,(anonymous_7)
FNDA:0,(anonymous_9)
FNDA:0,(anonymous_11)
FNDA:0,(anonymous_13)
FNDA:0,(anonymous_15)
DA:1,1
DA:2,1
DA:4,0
DA:7,0
DA:8,0
DA:11,0
DA:15,0
DA:23,0
LF:8
LH:2
BRF:0
BRH:0
end_of_record
TN:
SF:src/modules/carrier/carrier.route.ts
FN:5,CarrierRouteHandler
FN:9,(anonymous_8)
FN:9,(anonymous_9)
FN:23,(anonymous_10)
FN:23,(anonymous_11)
FN:37,(anonymous_12)
FN:37,(anonymous_13)
FN:46,(anonymous_14)
FN:46,(anonymous_15)
FN:56,(anonymous_16)
FN:56,(anonymous_17)
FNF:11
FNH:1
FNDA:1,CarrierRouteHandler
FNDA:0,(anonymous_8)
FNDA:0,(anonymous_9)
FNDA:0,(anonymous_10)
FNDA:0,(anonymous_11)
FNDA:0,(anonymous_12)
FNDA:0,(anonymous_13)
FNDA:0,(anonymous_14)
FNDA:0,(anonymous_15)
FNDA:0,(anonymous_16)
FNDA:0,(anonymous_17)
DA:1,1
DA:3,1
DA:4,1
DA:5,1
DA:6,1
DA:9,0
DA:10,0
DA:11,0
DA:12,0
DA:13,0
DA:14,0
DA:20,1
DA:23,0
DA:24,0
DA:25,0
DA:26,0
DA:27,0
DA:28,0
DA:30,0
DA:34,1
DA:37,0
DA:38,0
DA:39,0
DA:40,0
DA:43,1
DA:46,0
DA:47,0
DA:48,0
DA:49,0
DA:50,0
DA:53,1
DA:56,0
DA:57,0
DA:58,0
DA:59,0
DA:60,0
DA:61,0
DA:64,0
DA:70,1
LF:39
LH:10
BRDA:11,0,0,0
BRDA:11,0,1,0
BRDA:11,1,0,0
BRDA:11,1,1,0
BRDA:11,2,0,0
BRDA:11,2,1,0
BRDA:12,3,0,0
BRDA:12,3,1,0
BRDA:12,4,0,0
BRDA:12,4,1,0
BRDA:12,5,0,0
BRDA:12,5,1,0
BRDA:27,6,0,0
BRDA:27,6,1,0
BRDA:60,7,0,0
BRDA:60,7,1,0
BRF:16
BRH:0
end_of_record
TN:
SF:src/modules/carrier/schema.ts
FNF:0
FNH:0
DA:1,1
DA:7,1
DA:26,1
DA:40,1
DA:54,1
DA:68,1
LF:6
LH:6
BRF:0
BRH:0
end_of_record
TN:
SF:src/modules/data/data.routes.ts
FN:14,dataHandler
FN:17,(anonymous_15)
FN:17,(anonymous_16)
FN:21,(anonymous_17)
FN:26,(anonymous_18)
FN:26,(anonymous_19)
FN:73,(anonymous_20)
FNF:7
FNH:1
FNDA:1,dataHandler
FNDA:0,(anonymous_15)
FNDA:0,(anonymous_16)
FNDA:0,(anonymous_17)
FNDA:0,(anonymous_18)
FNDA:0,(anonymous_19)
FNDA:0,(anonymous_20)
DA:1,1
DA:2,1
DA:3,1
DA:4,1
DA:5,1
DA:6,1
DA:7,1
DA:8,1
DA:9,1
DA:10,1
DA:11,1
DA:12,1
DA:13,1
DA:14,1
DA:15,1
DA:17,0
DA:18,0
DA:20,0
DA:22,0
DA:26,0
DA:27,0
DA:28,0
DA:29,0
DA:30,0
DA:31,0
DA:32,0
DA:33,0
DA:47,0
DA:67,0
DA:73,1
DA:74,0
DA:77,1
LF:32
LH:17
BRF:0
BRH:0
end_of_record
TN:
SF:src/modules/data/schema.ts
FNF:0
FNH:0
DA:1,1
LF:1
LH:1
BRF:0
BRH:0
end_of_record
TN:
SF:src/modules/lob/lob.controller.ts
FN:3,(anonymous_7)
FN:6,(anonymous_9)
FN:10,(anonymous_11)
FN:14,(anonymous_13)
FN:22,(anonymous_15)
FNF:5
FNH:0
FNDA:0,(anonymous_7)
FNDA:0,(anonymous_9)
FNDA:0,(anonymous_11)
FNDA:0,(anonymous_13)
FNDA:0,(anonymous_15)
DA:1,1
DA:2,1
DA:4,0
DA:7,0
DA:8,0
DA:11,0
DA:15,0
DA:23,0
LF:8
LH:2
BRF:0
BRH:0
end_of_record
TN:
SF:src/modules/lob/lob.route.ts
FN:5,lobRouteHandler
FN:9,(anonymous_8)
FN:9,(anonymous_9)
FN:23,(anonymous_10)
FN:23,(anonymous_11)
FN:37,(anonymous_12)
FN:37,(anonymous_13)
FN:46,(anonymous_14)
FN:46,(anonymous_15)
FN:56,(anonymous_16)
FN:56,(anonymous_17)
FNF:11
FNH:1
FNDA:1,lobRouteHandler
FNDA:0,(anonymous_8)
FNDA:0,(anonymous_9)
FNDA:0,(anonymous_10)
FNDA:0,(anonymous_11)
FNDA:0,(anonymous_12)
FNDA:0,(anonymous_13)
FNDA:0,(anonymous_14)
FNDA:0,(anonymous_15)
FNDA:0,(anonymous_16)
FNDA:0,(anonymous_17)
DA:1,1
DA:3,1
DA:4,1
DA:5,1
DA:6,1
DA:9,0
DA:10,0
DA:11,0
DA:12,0
DA:13,0
DA:14,0
DA:20,1
DA:23,0
DA:24,0
DA:25,0
DA:26,0
DA:27,0
DA:28,0
DA:30,0
DA:34,1
DA:37,0
DA:38,0
DA:39,0
DA:40,0
DA:43,1
DA:46,0
DA:47,0
DA:48,0
DA:49,0
DA:50,0
DA:53,1
DA:56,0
DA:57,0
DA:58,0
DA:59,0
DA:60,0
DA:61,0
DA:64,0
DA:70,1
LF:39
LH:10
BRDA:11,0,0,0
BRDA:11,0,1,0
BRDA:11,1,0,0
BRDA:11,1,1,0
BRDA:11,2,0,0
BRDA:11,2,1,0
BRDA:12,3,0,0
BRDA:12,3,1,0
BRDA:12,4,0,0
BRDA:12,4,1,0
BRDA:12,5,0,0
BRDA:12,5,1,0
BRDA:27,6,0,0
BRDA:27,6,1,0
BRDA:60,7,0,0
BRDA:60,7,1,0
BRF:16
BRH:0
end_of_record
TN:
SF:src/modules/lob/schema.ts
FNF:0
FNH:0
DA:1,1
DA:7,1
DA:26,1
DA:40,1
DA:54,1
DA:68,1
LF:6
LH:6
BRF:0
BRH:0
end_of_record
TN:
SF:src/modules/models/agent.model.ts
FNF:0
FNH:0
DA:1,1
DA:2,1
DA:15,1
DA:22,1
LF:4
LH:4
BRF:0
BRH:0
end_of_record
TN:
SF:src/modules/models/carrier.model.ts
FNF:0
FNH:0
DA:1,1
DA:2,1
DA:7,1
DA:13,1
LF:4
LH:4
BRF:0
BRH:0
end_of_record
TN:
SF:src/modules/models/lob.model.ts
FNF:0
FNH:0
DA:1,1
DA:2,1
DA:12,1
DA:17,1
LF:4
LH:4
BRF:0
BRH:0
end_of_record
TN:
SF:src/modules/models/policy-info.model.ts
FNF:0
FNH:0
DA:1,1
DA:2,1
DA:21,1
DA:49,1
LF:4
LH:4
BRF:0
BRH:0
end_of_record
TN:
SF:src/modules/models/producer.model.ts
FNF:0
FNH:0
DA:1,1
DA:2,1
DA:14,1
DA:22,1
LF:4
LH:4
BRF:0
BRH:0
end_of_record
TN:
SF:src/modules/models/user.model.ts
FNF:0
FNH:0
DA:1,1
DA:2,1
DA:49,1
LF:3
LH:3
BRF:0
BRH:0
end_of_record
TN:
SF:src/modules/policy/policy.controller.ts
FN:3,(anonymous_7)
FN:6,(anonymous_9)
FN:10,(anonymous_11)
FN:14,(anonymous_13)
FN:22,(anonymous_15)
FNF:5
FNH:0
FNDA:0,(anonymous_7)
FNDA:0,(anonymous_9)
FNDA:0,(anonymous_11)
FNDA:0,(anonymous_13)
FNDA:0,(anonymous_15)
DA:1,1
DA:2,1
DA:4,0
DA:7,0
DA:8,0
DA:11,0
DA:15,0
DA:23,0
LF:8
LH:2
BRF:0
BRH:0
end_of_record
TN:
SF:src/modules/policy/policy.route.ts
FN:5,PolicyRouteHandler
FN:9,(anonymous_8)
FN:9,(anonymous_9)
FN:23,(anonymous_10)
FN:23,(anonymous_11)
FN:37,(anonymous_12)
FN:37,(anonymous_13)
FN:46,(anonymous_14)
FN:46,(anonymous_15)
FN:56,(anonymous_16)
FN:56,(anonymous_17)
FNF:11
FNH:1
FNDA:1,PolicyRouteHandler
FNDA:0,(anonymous_8)
FNDA:0,(anonymous_9)
FNDA:0,(anonymous_10)
FNDA:0,(anonymous_11)
FNDA:0,(anonymous_12)
FNDA:0,(anonymous_13)
FNDA:0,(anonymous_14)
FNDA:0,(anonymous_15)
FNDA:0,(anonymous_16)
FNDA:0,(anonymous_17)
DA:1,1
DA:3,1
DA:4,1
DA:5,1
DA:6,1
DA:9,0
DA:10,0
DA:11,0
DA:12,0
DA:13,0
DA:14,0
DA:20,1
DA:23,0
DA:24,0
DA:25,0
DA:26,0
DA:27,0
DA:28,0
DA:30,0
DA:34,1
DA:37,0
DA:38,0
DA:39,0
DA:40,0
DA:43,1
DA:46,0
DA:47,0
DA:48,0
DA:49,0
DA:50,0
DA:53,1
DA:56,0
DA:57,0
DA:58,0
DA:59,0
DA:60,0
DA:61,0
DA:64,0
DA:70,1
LF:39
LH:10
BRDA:11,0,0,0
BRDA:11,0,1,0
BRDA:11,1,0,0
BRDA:11,1,1,0
BRDA:11,2,0,0
BRDA:11,2,1,0
BRDA:12,3,0,0
BRDA:12,3,1,0
BRDA:12,4,0,0
BRDA:12,4,1,0
BRDA:12,5,0,0
BRDA:12,5,1,0
BRDA:27,6,0,0
BRDA:27,6,1,0
BRDA:60,7,0,0
BRDA:60,7,1,0
BRF:16
BRH:0
end_of_record
TN:
SF:src/modules/policy/schema.ts
FNF:0
FNH:0
DA:1,1
DA:34,1
DA:53,1
DA:67,1
DA:81,1
DA:104,1
LF:6
LH:6
BRF:0
BRH:0
end_of_record
TN:
SF:src/modules/user/schema.ts
FNF:0
FNH:0
DA:1,1
DA:43,1
DA:61,1
DA:75,1
DA:89,1
DA:118,1
LF:6
LH:6
BRF:0
BRH:0
end_of_record
TN:
SF:src/modules/user/user.controller.ts
FN:3,(anonymous_7)
FN:6,(anonymous_9)
FN:10,(anonymous_11)
FN:14,(anonymous_13)
FN:31,(anonymous_15)
FNF:5
FNH:4
FNDA:1,(anonymous_7)
FNDA:0,(anonymous_9)
FNDA:1,(anonymous_11)
FNDA:2,(anonymous_13)
FNDA:1,(anonymous_15)
DA:1,1
DA:2,1
DA:4,1
DA:7,0
DA:8,0
DA:11,1
DA:15,2
DA:32,1
LF:8
LH:6
BRF:0
BRH:0
end_of_record
TN:
SF:src/modules/user/user.route.ts
FN:5,userRouteHandler
FN:9,(anonymous_8)
FN:9,(anonymous_9)
FN:25,(anonymous_10)
FN:25,(anonymous_11)
FN:37,(anonymous_12)
FN:37,(anonymous_13)
FN:45,(anonymous_14)
FN:45,(anonymous_15)
FN:55,(anonymous_16)
FN:55,(anonymous_17)
FNF:11
FNH:9
FNDA:1,userRouteHandler
FNDA:2,(anonymous_8)
FNDA:2,(anonymous_9)
FNDA:1,(anonymous_10)
FNDA:1,(anonymous_11)
FNDA:0,(anonymous_12)
FNDA:0,(anonymous_13)
FNDA:1,(anonymous_14)
FNDA:1,(anonymous_15)
FNDA:1,(anonymous_16)
FNDA:1,(anonymous_17)
DA:1,1
DA:3,1
DA:4,1
DA:5,1
DA:6,1
DA:9,2
DA:10,2
DA:11,2
DA:12,2
DA:14,2
DA:15,2
DA:17,2
DA:23,1
DA:25,1
DA:26,1
DA:27,1
DA:28,1
DA:29,1
DA:30,0
DA:31,1
DA:35,1
DA:37,0
DA:38,0
DA:39,0
DA:40,0
DA:43,1
DA:45,1
DA:46,1
DA:47,1
DA:48,1
DA:49,1
DA:52,1
DA:55,1
DA:56,1
DA:57,1
DA:58,1
DA:59,1
DA:60,0
DA:63,1
DA:69,1
LF:40
LH:34
BRDA:11,0,0,2
BRDA:11,0,1,2
BRDA:11,1,0,0
BRDA:11,1,1,2
BRDA:11,2,0,2
BRDA:11,2,1,2
BRDA:12,3,0,2
BRDA:12,3,1,2
BRDA:12,4,0,0
BRDA:12,4,1,2
BRDA:12,5,0,2
BRDA:12,5,1,2
BRDA:29,6,0,0
BRDA:29,6,1,1
BRDA:59,7,0,0
BRDA:59,7,1,1
BRF:16
BRH:12
end_of_record
TN:
SF:src/plugins/db.ts
FN:9,(anonymous_1)
FNF:1
FNH:1
FNDA:1,(anonymous_1)
DA:1,1
DA:8,1
DA:9,1
DA:10,1
DA:11,1
DA:13,0
DA:16,1
LF:7
LH:6
BRDA:8,0,0,1
BRDA:8,0,1,1
BRDA:10,1,0,1
BRDA:10,1,1,0
BRF:4
BRH:3
end_of_record
